[   0.0000 Initaling cou susy cust
[  .0000]Intiiznggrup ssy c
   00000] Itiliincgoup bss uact
[   00000]inux verson4..0-103-geneic(bilddcy1-md-001 (ccvesio 5.0 20106 (Ubutu.40-6uun1~16.045) #126Ubtu SMPMoDec  123:2 U 217 Ubtu4.4.-1.126-gnec 4..9)
[    00000omma lne: OTIMGEboot/vliz-4.4.10-gnec oo=LELclouimroots  conoltt1 conolttyS
   00000] RNL suoredpu:
  0.0000] InteGeuineIel
[  00000]  AMD AthntcAM
   0.000]   nturCetaHaul
[   00000] 6/pu xate_fst[: 576,xste_ses2]  6
[  .00000]x8fpu:Suortig SAE feare0x01'x7 oaing pinregite'
[  00000 x86fp SuprtingXSE fetu 002: 'SEegisrs'
[   .0000] x/fu:SuorinXSE feture0x04: VXregite'
[  .00000 x/fpuEnbld stteeaure 0, onxtsi i 832 yt, usin 'anda' rmat.
  0.0000] 86/fpu Ung 'az FPUcotext swtcs.
[    00000]e8: BIOSprvied phyic RAMap
[   0.0000]IO-e82: [mem x00000000000-x0000000fbffusble    00000] BIOSe8: [mm 000000009fc00x0000009ff]eserd
[   000000]IO-e0:mem 0000000f000-0x000000000fff rseve
[    00000] BOS820: [em0x000000000000x00000ffffff] sabl
[    0000] IOe820[mm x000003ff0000x00003ffff] ACI ta
[  00000] OS-e82: me 0x00000fec00-0x00000fec0ff resve
  0.00000] OS-e0:mem x00000fe0000x00000ee0f] serve
   0.000000] BIO-e20: mem 00000000ffc00-0x00000fffffreerved[   00000]NXExecteisable potecio ative
  0.0000 SIO2.5 rent.
[   000000 Herisr teted:KV
[    00000e20lat_pfn= 3fffma_ah_fn =0x000000
   000000] MRR Dsabl
   0.000] x8/P: MTs isle skippg AT nialzaonoo.    .0000]CP MRRal blnk viralzed ysem
  0.0000 x86/P: onfiguatin 0-: B  WTUC U    T  C- C 
[    .0000]fod MP M-tle a [m x09f0-0x00fff]maed a[fff88000fff0
   0.000] anng 1 ares or l mmory orptio
   0.000] RADI: [memx3de00-07566ff][   0.0000 AI:Earl tlechksm ericatin sale
   0.00] ACI:SDP x00000000000 0024(v0VBX )[   0.0000 AI: XST x0000000FFF0030 003C(v01VB   VBOXSD000000AS  00061)[   .000]] API FAC 0000000FFF00F 00F4 (v VOX  OXFAC 00001 A  00001)
[    .0000] PI DSD0x00003FFF47 021FF(v02BOX VBXBIOS000002 NT 210058)
[  .00000]CPI: FAC0x000000FF02 0000[   .000] PI: AC0x000003FF02 00040
[   .000] AC: PIC x0000003FFF024 000C v0VBX   BOPI 00001AS  00061)[   0.000] ACPI: DT0x0000FF2A0 01C 01VBOX  BOCPUT0000 ITL01528)[   .0000] o MA cnfurtin und
[  000000Faking ano at [m x00000000000-x00000ffffff
   0.000] NOE_TA(0alocedmem x3eb000xffefff
[    00000] m-ock:Usngms 456401nd 4b54d00
[   .000] kv-cck: u  msr0:fe301,rima cu oc
[   00000kvccloc uing ch offst  3603590 cle
   000000]loksour: vmlock mask:0xffffffffff mx_ycle: 1cd4e4fb maxdl_ns 8595948ns
[  00000 Zne rge:
  0.0000  DM    [mem x0000000100-0x000000ffff]
[  00000] DMA32  me 0x000001000000x0000003efff]    .0000]   rml   ept
[  0.0000] Dvice  pty    .000] Moab zon srt f ech node
[  00000] ary mory ne nges
[    0.000000]   node 0: [m x0000000001000x00000009eff
   0.00000  no  0: [emx0000000000-x000003fff]
[  0000000] itmemseupode [m 0x0000000010-0x000003ffff]
[    .0000] ACI:M-TierO Pot:0x008[   0.0000 IOAPI[0: pi_i2,version 2,ddres fec000 GSI 0-2
[   .00000ACPI IT_RC_VRbus bu_irq 0glal_iq dfl dl)
[   00000] ACPI I_SRC_OVR (bus 0 bus_q  glbair 9 l level)[    0.000] UsngCPI (MADT fo SM configuratin formtin
[    0000000smbot:Alwing CUs,  hplugCPs
[   000000PM Rgiered nosa mmoy:mem 0x00000-x000fff][   0.000] PM:egstered osvemeor [em 0x00f00-0x0009ff
    00000] PM:Resteredose memo: me 0000000-00eff]
[   0000] : Reisred ose meor [me 0x0f000x0ffff][  00000 e820: [mem 0x00000-xfbffff] vaablefo PI vies
[  000000]Boing arirualid ereln VM[   0.000] cckoue:refine-jfis:ma: xffffff ax_cyes 0xfffff, m_ile_n: 6451960021156 n
[    00000] tu_pecp N_CUS12nrpuas_bs:512 r_u_ids nnodeid1
[  00000]PERCU:mbeded3 ages/cu fff8003fc0000s900 r19d2776 04576
[  0.0000] V splok shableenris:25(ode 04096 yt)
[  00000] ilt  zelis i Nodorermoilitgrouing n.Toal pge 25793[   .0000 Plicyzo: DM32
[  0.000]Kern cmmd ne: OTIME=oot/vmin-4.4-13-gerirootLAL=lodi-rootfso nsoltt1 onlettS0
[   00000] D has tleentrs:40 (rdr:3,3276 bes
[   00000]emry: 0084K/4820K avilbl 8485 krnel ce,1295K rat, 88 rat, 92 it,316Kbs 46336 rerve,  caa-rseed)
[   00000] SL: Walin=, Orer0-, injets=0, PU2, Nde1
[  000000 Herrchica RU impemtation
   0.000] 	Biltimeadstenofleafanut o .
[    0.000]	R rttriti CPUs roNR_CPU51 to nrcpids=2.
[   00000 RU: Ausng gemery fr rcu_fno_leaf=4,r_cp_i=2
[   00000] _IQS:324nr_iqs40 1
[   0.0000 Cso: coouVGA+0x
[   00000] cnse [t1]enale
    .0000]onsoe [tS0 enabl
    0.000000] tsc: Detected 2194.918 MHz processor
[   35.602829] Calibrating delay loop (skipped) preset value.. 4389.83 BogoMIPS (lpj=8779672)
[   35.753110] pid_max: default: 32768 minimum: 301
[   35.840563] ACPI: Core revision 20150930
[   35.910955] ACPI: 2 ACPI AML tables successfully acquired and loaded
[   36.020894] Security Framework initialized
[   36.085573] Yama: becoming mindful.
[   36.153023] AppArmor: AppArmor initialized
[   36.217324] Dentry cache hash table entries: 131072 (order: 8, 1048576 bytes)
[   36.370723] Inode-cache hash table entries: 65536 (order: 7, 524288 bytes)
[   36.480288] Mount-cache hash table entries: 2048 (order: 2, 16384 bytes)
[   36.612788] Mountpoint-cache hash table entries: 2048 (order: 2, 16384 bytes)
[   36.756757] Initializing cgroup subsys io
[   36.834187] Initializing cgroup subsys memory
[   36.912808] Initializing cgroup subsys devices
[   36.986270] Initializing cgroup subsys freezer
[   37.067630] Initializing cgroup subsys net_cls
[   37.137332] Initializing cgroup subsys perf_event
[   37.223752] Initializing cgroup subsys net_prio
[   37.301441] Initializing cgroup subsys hugetlb
[   37.397598] Initializing cgroup subsys pids
[   37.480562] CPU: Physical Processor ID: 0
[   37.552559] CPU: Processor Core ID: 0
[   37.618038] mce: CPU supports 0 MCE banks
[   37.689408] Last level iTLB entries: 4KB 1024, 2MB 1024, 4MB 1024
[   37.793304] Last level dTLB entries: 4KB 1024, 2MB 1024, 4MB 1024, 1GB 4
[   37..22996] Freeing SMP alternatives memory: 32K
[   38.031559] ftrace: allocating 32158 entries in 126 pages
[   38.189045] smpboot: APIC(0) Converting physical 0 to logical package 0
[   38.316728] smpboot: Max logical packages: 1
[   38.409027] x2apic enabled
[   38.461002] Switched APIC routing to physical x2apic.
[   38.555347] ..TIMER: vector=0x30 apic1=0 pin1=2 apic2=-1 pin2=-1
[   38.776965] smpboot: CPU0: Intel(R) Core(TM) i7-4770HQ CPU @ 2.20GHz (family: 0x6, model: 0x46, stepping: 0x1)
[   38.935008] Performance Events: unsupported p6 CPU model 70 no PMU driver, software events only.
[   39.093692] KVM setup paravirtual spinlock
[   39.168135] x86: Booting SMP configuration:
[   39.225434] .... node  #0, CPUs:      #1
[   39.293802] kvm-clock: cpu 1, msr 0:3ffe3041, secondary cpu clock
[   39.394592] mce: CPU supports 0 MCE banks
[   39.451265] x86: Booted up 1 node, 2 CPUs
[   39.516942] smpboot: Total of 2 processors activated (8779.67 BogoMIPS)
[   39.623528] devtmpfs: initialized
[   39.666921] evm: security.selinux
[   39.722818] evm: security.SMACK64
[   39.771508] evm: security.SMACK64EXEC
[   39.830432] evm: security.SMACK64TRANSMUTE
[   39.867874] evm: security.SMACK64MMAP
[   39.894899] evm: security.ima
[   39.923148] evm: security.capability
[   39.979981] clocksource: jiffies: mask: 0xffffffff max_cycles: 0xffffffff, max_idle_ns: 7645041785100000 ns
[   40.141273] futex hash table entries: 512 (order: 3, 32768 bytes)
[   40.258130] pinctrl core: initialized pinctrl subsystem
[   40.333525] RTC time: 11:07:28, date: 12/19/17
[   40.386301] NET: Registered protocol family 16
[   40.479974] cpuidle: using governor ladder
[   40.564195] cpuidle: using governor menu
[   40.576587] PCCT header not found.
[   40.632816] ACPI: bus type PCI registered
[   40.714026] acpiphp: ACPI Hot Plug PCI Controller Driver version: 0.5
[   40.771835] PCI: Using configuration type 1 for base access
[   40.879724] ACPI: Added _OSI(Module Device)
[   40.889423] ACPI: Added _OSI(Processor Device)
[   40.963816] ACPI: Added _OSI(3.0 _SCP Extensions)
[   41.020110] ACPI: Added _OSI(Processor Aggregator Device)
[   41.074485] ACPI: Executed 1 blocks of module-level executable AML code
[   41.183645] ACPI: Interpreter enabled
[   41.245553] ACPI: (supports S0 S5)
[   41.269946] ACPI: Using IOAPIC for interrupt routing
[   41.354345] PCI: Using host bridge windows from ACPI; if necessary, use "pci=nocrs" and report a bug
[   41.507953] ACPI: PCI Root Bridge [PCI0] (domain 0000 [bus 00-ff])
[   41.557625] acpi PNP0A03:00: _OSC: OS supports [ASPM ClockPM Segments MSI]
[   41.717491] acpi PNP0A03:00: _OSC: not requesting OS control; OS requires [ExtendedConfig ASPM ClockPM MSI]
[   41.869194] acpi PNP0A03:00: fail to add MMCONFIG information, can't access extended PCI configuration space under this bridge.
[   42.006081] PCI host bridge to bus 0000:00
[   42.069306] pci_bus 0000:00: root bus resource [io  0x0000-0x0cf7 window]
[   42.162927] pci_bus 0000:00: root bus resource [io  0x0d00-0xffff window]
[   42.273718] pci_bus 0000:00: root bus resource [mem 0x000a0000-0x000bffff window]
[   42.395756] pci_bus 0000:00: root bus resource [mem 0x40000000-0xfdffffff window]
[   42.533550] pci_bus 0000:00: root bus resource [bus 00-ff]
[   42.580184] pci 0000:00:01.1: legacy IDE quirk: reg 0x10: [io  0x01f0-0x01f7]
[   42.678241] pci 0000:00:01.1: legacy IDE quirk: reg 0x14: [io  0x03f6]
[   42.751442] pci 0000:00:01.1: legacy IDE quirk: reg 0x18: [io  0x0170-0x0177]
[   42.830646] pci 0000:00:01.1: legacy IDE quirk: reg 0x1c: [io  0x0376]
[   42.921369] pci 0000:00:07.0: quirk: [io  0x4000-0x403f] claimed by PIIX4 ACPI
[   43.037615] pci 0000:00:07.0: quirk: [io  0x4100-0x410f] claimed by PIIX4 SMB
[   43.170479] ACPI: PCI Interrupt Link [LNKA] (IRQs 5 9 10 *11)
[   43.252208] ACPI: PCI Interrupt Link [LNKB] (IRQs 5 9 *10 11)
[   43.306649] ACPI: PCI Interrupt Link [LNKC] (IRQs 5 *9 10 11)
[   43.363293] ACPI: PCI Interrupt Link [LNKD] (IRQs 5 9 10 *11)
[   43.451706] ACPI: Enabled 2 GPEs in block 00 to 07
[   43.536998] vgaarb: setting as boot device: PCI:0000:00:02.0
[   43.613849] vgaarb: device added: PCI:0000:00:02.0,decodes=io+mem,owns=io+mem,locks=none
[   43.736218] vgaarb: loaded
[   43.782412] vgaarb: bridge control possible 0000:00:02.0
[   43.881609] SCSI subsystem initialized
[   43.944100] ACPI: bus type USB registered
[   44.019725] usbcore: registered new interface driver usbfs
[   44.144678] usbcore: registered new interface driver hub
[   44.229697] usbcore: registered new device driver usb
[   44.336237] PCI: Using ACPI for IRQ routing
[   44.409413] NetLabel: Initializing
[   44.435005] NetLabel:  domain hash size = 128
[   44.471626] NetLabel:  protocols = UNLABELED CIPSOv4
[   44.528114] NetLabel:  unlabeled traffic allowed by default
[   44.622629] amd_nb: Cannot enumerate AMD northbridges
[   44.719452] clocksource: Switched to clocksource kvm-clock
[   4.78] pAorAprm Feste Enabled
[ 459441]np P AI it[ 45166]npPnP ACPI fnd dic
[   46.330415] clocksource: acpi_pm: mask: 0xffffff max_cycles: 0xffffff, max_idle_ns: 2085701024 ns
[   46.407526] NET: Registered protocol family 2
[   46.488577] TCP established hash table entries: 8192 (order: 4, 65536 bytes)
[   46.611304] TCP bind hash table entries: 8192 (order: 5, 131072 bytes)
[   46.691865] TCP: Hash tables configured (established 8192 bind 8192)
[   46.725451] UDP hash table entries: 512 (order: 2, 16384 bytes)
[   46.754112] UDP-Lite hash table entries: 512 (order: 2, 16384 bytes)
[   46.852884] NET: Registered protocol family 1
[   46.887827] pci 0000:00:00.0: Limiting direct PCI/PCI transfers
[   46.969747] pci 0000:00:01.0: Activating ISA DMA hang workarounds
[   47.090601] Unpacking initramfs...
[   49.063904] Freeing initrd memory: 10788K
[   49.127987] platform rtc_cmos: registered platform RTC device (no PNP device found)
[   49.280846] Scanning for low memory corruption every 60 seconds
[   49.384114] audit: initializing netlink subsys (disabled)
[   49.505416] audit: type=2000 audit(1513681619.653:1): initialized
[   49.604290] Initialise system trusted keyring
[   49.678288] HugeTLB registered 2 MB page size, pre-allocated 0 pages
[   49.766339] zbud: loaded
[   49.804736] VFS: Disk quotas dquot_6.6.0
[   49.872667] VFS: Dquot-cache hash table entries: 512 (order 0, 4096 bytes)
[   49.984850] squashfs: version 4.0 (2009/01/31) Phillip Lougher
[   50.066520] fuse init (API version 7.23)
[   50.111626] Key type big_key registered
[   50.134751] tsc: Refined TSC clocksource calibration: 2195.756 MHz
[   50.163038] clocksource: tsc: mask: 0xffffffffffffffff max_cycles: 0x1fa6899f24c, max_idle_ns: 440795221981 ns
[   50.163066] Allocating IMA MOK and blacklist keyrings.
[   50.241753] Key type asymmetric registered
[   50.241763] Asymmetric key parser 'x509' registered
[   50.241821] Block layer SCSI generic (bsg) driver version 0.4 loaded (major 249)
[   50.241849] io scheduler noop registered
[   50.241851] io scheduler deadline registered (default)
[   50.241879] io scheduler cfq registered
[   50.241971] pci_hotplug: PCI Hot Plug PCI Core version: 0.5
[   50.241976] pciehp: PCI Exprrss Hot Plug Controller Driver version: 0.4
[   50.242328] ACPI: AC Adapter [AC] (on-line)
[   50.242387] input: Power Button as /devices/LNXSYSTM:00/LNXPWRBN:00/input/input0
[   50.242390] ACPI: Power Button [PWRF]
[   50.242482] input: Sleep Button as /devices/LNXSYSTM:00/LNXSLPBN:00/input/input1
[   50.242484] ACPI: Sleep Button [SLPF]
[   50.242645] GHES: HEST is not enabled!
[   50.244001] ACPI: Battery Slot [BAT0] (battery present)
[   50.339903] Serial: 8250/16550 driver, 32 ports, IRQ sharing enabled
[   50.412424] 00:02: ttyS0 at I/O 0x3f8 (irq = 4, base_baud = 115200) is a 16550A
[   50.487220] Linux agpgart interface v0.103
[   50.609085] loop: module loaded
[   50.609606] scsi host0: ata_piix
[   50.609653] scsi host1: ata_piix
[   50.609677] ata1: PATA max UDMA/33 cmd 0x1f0 ctl 0x3f6 bmdma 0xd000 irq 14
[   50.609678] ata2: PATA max UDMA/33 cmd 0x170 ctl 0x376 bmdma 0xd008 irq 15
[   50.609745] libphy: Fixed MDIO Bus: probed
[   50.609748] tun: Universal TUN/TAP device driver, 1.6
[   50.609748] tun: (C) 1999-2004 Max Krasnyansky <maxk@qualcomm.com>
[   50.610197] PPP generic driver version 2.4.2
[   50.610276] ehci_hcd: USB 2.0 'Enhanced' Host Controller (EHCI) Driver
[   50.610281] ehci-pci: EHCI PCI platform driver
[   50.610295] ehci-platform: EHCI generic platform driverr
[   50.610303] ohci_hcd: USB 1.1 'Open' Host Controller (OHCI) Driver
[   50.610308] ohci-pci: OHCI PCI platform driver
[   50.610317] ohci-platform: OHCI generic platform driver
[   50.610325] uhci_hcd: USB Universal Host Controller Interface driver
[   50.610389] i8042: PNP: PS/2 Controller [PNP0303:PS2K,PNP0f03:PS2M] at 0x60,0x64 irq 1,12
[   50.610980] serio: i8042 KBD port at 0x60,0x64 irq 1
[   50.610985] serio: i8042 AUX port at 0x60,0x64 irq 12
[   50.611081] mousedev: PS/2 mouse device common for all mice
[   50.611344] input: AT Translated Set 2 keyboard as /devices/platform/i8042/serio0/input/input2
[   50.611695] rtc_cmos rtc_cmos: rtc core: registered rtc_cmos as rtc0
[   50.611743] rtc_cmos rtc_cmos: alarms up to one day, 114 bytes nvram
[   50.611749] i2c /dev entries driver
[   50.611796] device-mapper: uevent: version 1.0.3
[   50.611893] device-mapper: ioctl: 4.34.0-ioctl (2015-10-28) initialised: dm-devel@redhat.com
[   50.611910] ledtrig-cpu: registered to indicate activity on CPUs
[   50.612581] NET: Registered protocol family 10
[   50.612719] NET: Registered protocol family 17
[   50.612735] Key type dns_resolver registered
[   50.612870] microcode: CPU0 sig=0x40661, pf=0x40, revision=0x0
[   50.682551] microcode: CPU1 sig=0x40661, pf=0x40, revision=0x0
[   50.682637] microcode: Microcode Update Driver: v2.01 <tigran@aivazian.fsnet.co.uk>, Peter Oruba
[   50.682764] registered taskstats version 1
[   50.682782] Loading compiled-in X.509 certificates
[   50.683435] Loaded X.509 cert 'Build time autogenerated kernel key: 6495e09daeacef0cade9c1ea2246b74b6c79cd53'
[   50.683457] zswap: loaded using pool lzo/zbud
[   50.684712] Key type trusted registered
[   50.686892] Key type encrypted registered
[   50.686897] AppArmor: AppArmor sha1 policy hashing enabled
[   50.686901] ima: No TPM chip found, activating TPM-bypass!
[   50.686922] evm: HMAC attrs: 0x1
[   50.687383]   Magic number: 13:694:125
[   50.687415] acpi device:00: hash matches
[   50.739207] rtc_cmos rtc_cmos: setting system clock to 2017-12-19 11:07:39 UTC (1513681659)
[   50.739334] BIOS EDD facility v0.16 2004-Jun-25, 0 devices found
[   50.739334] EDD information not available.
[   54.305820] Freeing unused kernel memory: 1492K
[   55.462583] Write protecting the kernel read-only data: 14336k
[   55.537272] Freeing unused kernel memory: 1744K
[   55.599810] Freeing unused kernel memory: 108K
Loading, please wait...
[   55.690053] random: systemd-udevd: uninitialized urandom read (16 bytes read, 5 bits of entropy available)
starting version[   55.690610] random: udevadm: uninitialized urandom read (16 bytes read, 5 bits of entropy available)
 229
[   55.690624] random: udevadm: uninitialized urandom read (16 bytes read, 5 bits of entropy available)
[   55.696633] random: udevadm: uninitialized urandom read (16 bytes read, 5 bits of entropy available)
[   55.696685] random: udevadm: uninitialized urandom read (16 bytes read, 5 bits of entropy available)
[   55.696832] random: udevadm: uninitialized urandom read (16 bytes read, 5 bits of entropy available)
[   55.696884] random: udevadm: uninitialized urandom read (16 bytes read, 5 bits of entropy available)
[   55.697031] random: udevadm: uninitialized urandom read (16 bytes read, 5 bits of entropy available)
[   55.697110] random: udevadm: uninitialized urandom read (16 bytes read, 5 bits of entropy available)
[   55.697182] random: udevadm: uninitialized urandom read (16 bytes read, 5 bits of entropy available)
[   57.157488] Fusion MPT base driver 3.04.20
[   57.219310] Copyright (c) 1999-2008 LSI Corporation
[   57.277731] Fusion MPT SPI Host driver 3.04.20
[   57.356304] mptbase: ioc0: Initiating bringup
[   57.418867] e1000: Intel(R) PRO/1000 Network Driver - version 7.3.21-k8-NAPI
[   57.515187] e1000: Copyright (c) 1999-2006 Intel Corporation.
[   57.588286] AVX2 version of gcm_enc/dec engaged.
[   57.617005] input: ImExPS/2 Generic Explorer Mouse as /devices/platform/i8042/serio1/input/input4
[   57.632474] ioc0: LSI53C1030 A0: Capabilities={Initiator}
[   57.795661] scsi host2: ioc0: LSI53C1030 A0, FwRev=00000000h, Ports=1, MaxQ=256, IRQ=20
[   57.909881] scsi 2:0:0:0: Direct-Access     VBOX     HARDDISK         1.0  PQ: 0 ANSI: 5
[   57.909886] scsi target2:0:0: Beginning  omain Validation
[   57.912143] scsi target2:0:0: Domain Validation skipping write tests
[   57.912143] scsi target2:0:0: Ending Domain Validation
[   57.912214] scsi target2:0:0: asynchronous
[   57.912945] scsi 2:0:1:0: Direct-Access     VBOX     HARDDISK         1.0  PQ: 0 ANSI: 5
[   57.912949] scsi target2:0:1: Beginning Domain Validation
[   57.914687] scsi target2:0:1: Domain Validation skipping write tests
[   57.914688] scsi target2:0:1: Ending Domain Validation
[   57.914755] scsi target2:0:1: asynchronous
[   57.920757] sd 2:0:0:0: Attached scsi generic sg0 type 0
[   57.921006] sd 2:0:0:0: [sda] 20971520 512-byte logical blocks: (10.7 GB/10.0 GiB)
[   57.921057] sd 2:0:1:0: Attached scsi generic sg1 type 0
[   57.921114] sd 2:0:1:0: [sdb] 20480 512-byte logical blocks: (10.5 MB/10.0 MiB)
[   57.921226] sd 2:0:0:0: [sda] Write Protect is off
[   57.921376] sd 2:0:1:0: [sdb] Write Protect is off
[   57.921389] sd 2:0:0:0: [sda] Incomplete mode parameter data
[   57.921390] sd 2:0:0:0: [sda] Assuming drive cache: write through
[   57.921974] sd 2:0:1:0: [sdb] Incomplete mode parameter data
[   57.921975] sd 2:0:1:0: [sdb] Assuming drive cache: write through
[   57.924989]  sda: sda1
[   57.926030] sd 2:0:0:0: [sda] Attached SCSI disk
[   57.926227] sd 2:0:1:0: [sdb] Attached SCSI disk
[   58.474254] e1000 0000:00:03.0 eth0: (PCI:33MHz:32-bit) 02:63:8e:2c:ef:cd
[   58.474258] e1000 0000:00:03.0 eth0: Intel(R) PRO/1000 Network Connection
[   58.891206] e1000 0000:00:08.0 eth1: (PCI:33MHz:32-bit) 08:00:27:02:02:85
[   58.891208] e1000 0000:00:08.0 eth1: Intel(R) PRO/1000 Network Connection
[   58.894975] e1000 0000:00:08.0 enp0s8: renamed from eth1
[   59.972181] AES CTR mode by8 optimization enabled
[   60.065281] e1000 0000:00:03.0 enp0s3: renamed from eth0
[   60.301978] floppy0: no floppy controllers found
Begin: Loading e[   61.745904] md: linear personality registered for level -1
ssential drivers[   61.857136] md: multipath personality registered for level -4
 ... [   61.963886] md: raid0 personality registered for level 0
[   62.023276] md: raid1 personality registered for level 1
[   62.187652] raid6: sse2x1   gen()  8445 MB/s
[   62.396217] raid6: sse2x1   xor()  6711 MB/s
[   62.543634] raid6: sse2x2   gen() 10872 MB/s
[   62.699901] raid6: sse2x2   xor()  6599 MB/s
[   62.795652] raid6: sse2x4   gen() 11907 MB/s
[   62.947591] raid6: sse2x4   xor()  8258 MB/s
[   63.070136] raid6: avx2x1   gen() 15948 MB/s
[   63.183757] raid6: avx2x2   gen() 18381 MB/s
[   63.311770] raid6: avx2x4   gen() 20844 MB/s
[   63.395721] raid6: using algorithm avx2x4 gen() 20844 MB/s
[   63.518495] raid6: using avx2x2 recovery algorithm
[   63.638924] xor: automatically using best checksumming function:
[   63.791561]    avx       : 18826.000 MB/sec
[   63.856696] async_tx: api initialized (async)
[   63.926847] md: raid6 personality registered for level 6
[   64.051076] md: raid5 personality registered for level 5
[   64.165780] md: raid4 personality registered for level 4
[   64.283480] md: raid10 personality registered for level 10
done.
Begin: Running /scripts/init-premount ...[   64.447237] Btrfs loaded
 done.
Begin: Mounting root file system ... Begin: Running /scripts/local-top ... done.
Begin: Running /scripts/local-premount[   64.556661] EXT4-fs (sda1): mounted filesystem with ordered data mode. Opts: (null)
 ... Scanning for Btrfs filesystems
done.
Warning: fsck not present, so skipping root file system
done.
Begin: Running /scripts/local-bottom ... done.
Begin: Running /scripts/init-bottom ... done.
[   64.784411] systemd[1]: systemd 229 running in system mode. (+PAM +AUDIT +SELINUX +IMA +APPARMOR +SMACK +SYSVINIT +UTMP +LIBCRYPTSETUP +GCRYPT +GNUTLS +ACL +XZ -LZ4 +SECCOMP +BLKID +ELFUTILS +KMOD -IDN)
[   65.024639] systemd[1]: Detected virtualization oracle.
[   65.075527] systemd[1]: Detected architecture x86-64.

Welcome to [1mUbuntu 16.04.3 LTS[0m!

[   65.211036] systemd[1]: Set hostname to <ubuntu>.
[   65.317057] systemd[1]: Initializing machine ID from random generator.
[   65.432866] systemd[1]: Installed transient /etc/machine-id file.
[   65.704571] systemd[1]: Created slice User and Session Slice.
[[0;32m  OK  [0m] Created slice User and Session Slice.
[   65.860553] systemd[1]: Listening on LVM2 metadata daemon socket.
[[0;32m  OK  [0m] Listening on LVM2 metadata daemon socket.
[   66.024455] systemd[1]: Started Forward Password Requests to Wall Directory Watch.
[[0;32m  OK  [0m] Started Forward Password Requests to Wall Directory Watch.
[   66.172530] systemd[1]: Created slice System Slice.
[[0;32m  OK  [0m] Created slice System Slice.
[   66.279456] systemd[1]: Reached target Slices.
[[0;32m  OK  [0m] Reached target Slices.
[   66.400479] systemd[1]: Listening on Journal Socket (/dev/log).
[[0;32m  OK  [0m] Listening on Journal Socket (/dev/log).
[   66.560245] systemd[1]: Reached target Swap.
[[0;32m  OK  [0m] Reached target Swap.
[   66.672280] systemd[1]: Listening on LVM2 poll daemon socket.
[[0;32m  OK  [0m] Listening on LVM2 poll daemon socket.
[   66.828529] systemd[1]: Listening on Syslog Socket.
[[0;32m  OK  [0m] Listening on Syslog Socket.
[   66.936455] systemd[1]: Listening on /dev/initctl Compatibility Named Pipe.
[[0;32m  OK  [0m] Listening on /dev/initctl Compatibility Named Pipe.
[   67.156142] systemd[1]: Listening on udev Kernel Socket.
[[0;32m  OK  [0m] Listening on udev Kernel Socket.
[   67.264221] systemd[1]: Created slice system-serial\x2dgetty.slice.
[[0;32m  OK  [0m] Created slice system-serial\x2dgetty.slice.
[   67.421133] systemd[1]: Listening on Journal Audit Socket.
[[0;32m  OK  [0m] Listening on Journal Audit Socket.
[   67.560730] systemd[1]: Listening on Device-mapper event daemon FIFOs.
[[0;32m  OK  [0m] Listening on Device-mapper event daemon FIFOs.
[   67.720585] systemd[1]: Listening on Journal Socket.
[[0;32m  OK  [0m] Listening on Journal Socket.
[   67.863852] systemd[1]: Starting Monitoring of LVM2 mirrors, snapshots etc. using dmeventd or progress polling...
[   67.866420] random: nonblocking pool is initialized
         Starting Monitoring of LVM2 mirrors... dmeventd or progress polling...
[   68.188051] systemd[1]: Starting Load Kernel Modules...
[   68.7676Loadig SC tnsrtcls .070

         Startin[   68.819002] iscsi: registered transport (tcp)
g Load Kernel Modules...
[   69.719386] iscsi: registered transport (iser)
[   69.719685] systemd[1]: Starting Set console keymap...
         Starting Set console keymap...
[   69.915972] systemd[1]: Starting Journal Service...
         Starting Journal Service...
[   70.027947] systemd[1]: Starting Create list of required static device nodes for the current kernel...
         Starting Create list of required st... nodes for the current kernel...
[   70.279892] systemd[1]: Mounting Huge Pages File System...
         Mounting Huge Pages File System...
[   70.384611] systemd[1]: Set up automount Arbitrary Executable File Formats File System Automount Point.
[[0;32m  OK  [0m] Set up automount Arbitrary Executab...ats File System Automount Point.
[   70.624321] systemd[1]: Reached target Encrypted Volumes.
[[0;32m  OK  [0m] Reached target Encrypted Volumes.
[   70.715949] systemd[1]: Starting Remount Root and Kernel File Systems...
[   70.721137] EXT4-fs (sda1): re-mounted. Opts: (null)
         Starting Remount Root and Kernel File Systems...
[   70.952121] systemd[1]: Started Trigger resolvconf update for networkd DNS.
[[0;32m  OK  [0m] Started Trigger resolvconf update for networkd DNS.
[   71.119787] systemd[1]: Mounting POSIX Message Queue File System...
         Mounting POSIX Message Queue File System...
[   71.304224] systemd[1]: Starting Uncomplicated firewall...
         Starting Uncomplicated firewall...
[   71.448582] systemd[1]: Listening on udev Control Socket.
[[0;32m  OK  [0m] Listening on udev Control Socket.
[   71.603783] systemd[1]: Starting Nameserver information manager...
         Starting Nameserver information manager...
[   71.771894] systemd[1]: Mounting Debug File System...
         Mounting Debug File System...
[   71.836057] systemd[1]: Reached target User and Group Name Lookups.
[[0;32m  OK  [0m] Reached target User and Group Name Lookups.
[   71.961517] systemd[1]: Mounted POSIX Message Queue File System.
[[0;32m  OK  [0m] Mounted POSIX Message Queue File System.
[   72.104065] systemd[1]: Mounted Debug File System.
[[0;32m  OK  [0m] Mounted Debug File System.
[   72.232547] systemd[1]: Mounted Huge Pages File System.
[[0;32m  OK  [0m] Mounted Huge Pages File System.
[   72.384457] systemd[1]: Started Journal Service.
[[0;32m  OK  [0m] Started Journal Service.
[[0;32m  OK  [0m] Started Load Kernel Modules.
[[0;32m  OK  [0m] Started Set console keymap.
[[0;32m  OK  [0m] Started Create list of required sta...ce nodes for the current kernel.
[[0;32m  OK  [0m] Started Remount Root and Kernel File Systems.
[[0;32m  OK  [0m] Started Uncomplicated firewall.
[[0;32m  OK  [0m] Started Nameserver information manager.
[[0;32m  OK  [0m] Started LVM2 metadata daemon.
         Starting udev Coldplug all Devices...
         Starting Load/Save Random Seed...
         Starting Initial cloud-init job (pre-networking)...
         Starting Create Static Device Nodes in /dev...
         Starting Apply Kernel Variables...
         Mounting FUSE Control File System...
         Starting Flush Journal to Persistent Storage...
[[0;32m  OK  [0m] Mounted FUSE Control File System.
[[0;32m  OK  [0m] Started Load/Save Random Seed.
[[0;32m  OK  [0m] Started Create Static Device Nodes in /dev.
[[0;32m  OK  [0m] Started Apply Kernel Variables.
[[0;32m  OK  [0m] Started udev Coldplug all Devices.
[[0;32m  OK  [0m] Started Monitoring of LVM2 mirrors,...ng dmeventd or progress polling.
[[0;32m  OK  [0m] Started Flush Journal to Persistent Storage.
         Starting udev Kernel Device Manager...
[[0;32m  OK  [0m] Started udev Kernel Device Manager.
[[0;32m  OK  [0m] Started Dispatch Password Requests to Console Directory Watch.
[[0;32m  OK  [0m] Reached target Local File Systems (Pre).
[[0;32m  OK  [0m] Reached target Local File Systems.
         Starting Create Volatile Files and Directories...
         Starting Tell Plymouth To Write Out Runtime Data...
         Starting Set console font and keymap...
[   30.044053] cloud-init[449]: Cloud-init v. 17.1 running 'init-local' at Tue, 19 Dec 2017 11:08:02 +0000. Up 29.66 seconds.
         Starting LSB: AppArmor initialization...
         Starting Commit a transient machine-id on disk...
[[0;32m  OK  [0m] Started Create Volatile Files and Directories.
[[0;32m  OK  [0m] Started Tell Plymouth To Write Out Runtime Data.
[[0;32m  OK  [0m] Started Set console font and keymap.
[[0;32m  OK  [0m] Started Commit a transient machine-id on disk.
[[0;32m  OK  [0m] Started Initial cloud-init job (pre-networking).
[[0;32m  OK  [0m] Found device /dev/ttyS0.
[[0;32m  OK  [0m] Listening on Load/Save RF Kill Switch Status /dev/rfkill Watch.
[[0;32m  OK  [0m] Reached target Network (Pre).
[[0;32m  OK  [0m] Created slice system-getty.slice.
[[0;32m  OK  [0m] Reached target System Time Synchronized.
         Starting Update UTMP about System Boot/Shutdown...
[[0;32m  OK  [0m] Started Update UTMP about System Boot/Shutdown.
[[0;32m  OK  [0m] Started LSB: AppArmor initialization.
         Starting Raise network interfaces...
[[0;32m  OK  [0m] Started Raise network interfaces.
[[0;32m  OK  [0m] Reached target Network.
         Starting Initial cloud-init job (metadata service crawler)...
[   34.001270] cloud-init[949]: Cloud-init v. 17.1 running 'init' at Tue, 19 Dec 2017 11:08:06 +0000. Up 33.36 seconds.
[[0;32m  OK  [0m] Started Initial cloud-init job (metadata service crawler).
[   34.156080] cloud-init[949]: ci-info: ++++++++++++++++++++++++++++++++++++++Net device info++++++++++++++++++++++++++++++++++++++
[   34.485001] cloud-init[949]: ci-info: +--------+-------+----------------------------+---------------+-------+-------------------+
[   34.621108] cloud-init[949]: ci-info: | Device |   Up  |          Address           |      Mask     | Scope |     Hw-Address    |
[[0;32m  OK  [0m] Reached target Cloud-config availability.
[[0;32m  OK  [0m] Reached target Network is Online.
[   34.752140] cloud-init[949]: ci-info: +--------+-------+----------------------------+---------------+-------+-------------------+
[   35.428785] cloud-init[949]: ci-info: | enp0s3 |  True |         10.0.2.15          | 255.255.255.0 |   .   | 02:63:8e:2c:ef:cd |
         Starting iSCSI initiator daemon (iscsid)...
[[0;32m  OK  [0m] Reached target System Initialization.
[   35.553870] cloud-init[949]: ci-info: | enp0s3 |  True | fe80::63:8eff:fe2c:efcd/64 |       .       |  link | 02:63:8e:2c:ef:cd |
[   35.994353] cloud-init[949]: ci-info: | enp0s8 | False |             .              |       .       |   .   | 08:00:27:02:02:85 |
[[0;32m  OK  [0m] Started Timer to automatically refresh installed snaps.
[   36.148303] cloud-init[949]: ci-info: |   lo   |  True |         127.0.0.1          |   255.0.0.0   |   .   |         .         |
[   36.372442] cloud-init[949]: ci-info: |   lo   |  True |          ::1/128           |       .       |  host |         .         |
[   36.493115] cloud-init[949]: ci-info: +--------+-------+----------------------------+---------------+-------+-------------------+
[   36.636277] cloud-init[949]: ci-info: +++++++++++++++++++++++++++Route IPv4 info++++++++++++++++++++++++++++
[   36.636693] cloud-init[949]: ci-info: +-------+-------------+----------+---------------+-----------+-------+
[   36.636741] cloud-init[949]: ci-info: | Route | Destination | Gateway  |    Genmask    | Interface | Flags |
[   36.636773] cloud-init[949]: ci-info: +-------+-------------+----------+---------------+-----------+-------+
[   36.636808] cloud-init[949]: ci-info: |   0   |   0.0.0.0   | 10.0.2.2 |    0.0.0.0    |   enp0s3  |   UG  |
[   36.636839] cloud-init[949]: ci-info: |   1   |   10.0.2.0  | 0.0.0.0  | 255.255.255.0 |   enp0s3  |   U   |
[   36.636870] cloud-init[949]: ci-info: +-------+-------------+----------+---------------+-----------+-------+
[   36.636900] cloud-init[949]: Generating public/private rsa key pair.
[   36.636930] cloud-init[949]: Your identification has been saved in /etc/ssh/ssh_host_rsa_key.
[   36.636959] cloud-init[949]: Your public key has been saved in /etc/ssh/ssh_host_rsa_key.pub.
[   36.636989] cloud-init[949]: The key fingerprint is:
[   36.637017] cloud-init[949]: SHA256:T0iCBl/jk+uIVzMBNNdN2hMku6aeHvuN/W6LJ20isEg root@ubuntu-xenial
[   36.637048] cloud-init[949]: The key's randomart image is:
[   36.637079] cloud-init[949]: +---[RSA 2048]----+
[   36.637106] cloud-init[949]: |  ..+ +..++      |
[   36.637146] cloud-init[949]: |   o B o.=..     |
[   36.637171] cloud-init[949]: |    + * + o      |
[   36.637426] cloud-init[949]: |   .   * o .     |
[   36.637465] cloud-init[949]: |      = S .      |
[   36.637494] cloud-init[949]: |   .E+.= o       |
[   36.637526] cloud-init[949]: |  ..o.+o  ..     |
[   36.637555] cloud-init[949]: |   ....+.+o.=    |
[   36.637582] cloud-init[949]: |     .=.o.+O+.   |
[   36.637611] cloud-init[949]: +----[SHA256]-----+
[   36.637638] cloud-init[949]: Generating public/private dsa key pair.
[   36.637666] cloud-init[949]: Your identification has been saved in /etc/ssh/ssh_host_dsa_key.
[   36.637694] cloud-init[949]: Your public key has been saved in /etc/ssh/ssh_host_dsa_key.pub.
[   36.637722] cloud-init[949]: The key fingerprint is:
[   36.637750] cloud-init[949]: SHA256:4SkOaAUQCNAgKeP1I5YLUuipCaceuqKcYgIyL3fOxgg root@ubuntu-xenial
[   36.637780] cloud-init[949]: The key's randomart image is:
[   36.637808] cloud-init[949]: +---[DSA 1024]----+
[   36.637836] cloud-init[949]: |@B.              |
[   36.637863] cloud-init[949]: |B oo             |
[   36.637891] cloud-init[949]: |+oo +   .        |
[   36.637918] cloud-init[949]: |o=.* o . o       |
[   36.637945] cloud-init[949]: |++= + o S        |
[   36.637973] cloud-init[949]: |Eo . o .         |
[   36.638000] cloud-init[949]: |=+.o  .          |
[   36.638026] cloud-init[949]: |Bo=.+            |
[   36.638057] cloud-init[949]: |O* +o            |
[   36.638084] cloud-init[949]: +----[SHA256]-----+
[   36.638112] cloud-init[949]: Generating public/private ecdsa key pair.
[   36.638140] cloud-init[949]: Your identification has been saved in /etc/ssh/ssh_host_ecdsa_key.
[   36.638168] cloud-init[949]: Your public key has been saved in /etc/ssh/ssh_host_ecdsa_key.pub.
[   36.638196] cloud-init[949]: The key fingerprint is:
[   36.638223] cloud-init[949]: SHA256:bN+QSfScibTg5Zt6BfXpgoCKcTZCB9jS/mDfff5Y9+o root@ubuntu-xenial
[   36.638250] cloud-init[949]: The key's randomart image is:
[   36.638277] cloud-init[949]: +---[ECDSA 256]---+
[   36.638304] cloud-init[949]: | +o..   . + .    |
[   36.638332] cloud-init[949]: |o.o.   o * * + . |
[   36.638385] cloud-init[949]: | oo + . o * = o  |
[   36.638432] cloud-init[949]: |  +* o . o B .   |
[   36.638460] cloud-init[949]: | ..+.. .S B o .  |
[   36.638485] cloud-init[949]: |    o ...o.+ .   |
[   36.638512] cloud-init[949]: |        .oo o .  |
[   36.638537] cloud-init[949]: |         ..o . . |
[   36.638562] cloud-init[949]: |          ....E..|
[   36.638588] cloud-init[949]: +----[SHA256]-----+
[   36.638614] cloud-init[949]: Generating public/private ed25519 key pair.
[   36.638640]          Starting LXD - unix socket.
[[0;32m  OK  [0m] Started Daily apt download activities.
[[0;32m  OK  [0m] Started Daily apt upgrade and clean activities.
[[0;32m  OK  [0m] Listening on UUID daemon activation socket.
[[0;32m  OK  [0m] Listening on ACPID Listen Socket.
cloud-init[949]: Your identification has been saved in /etc/ssh/ssh_host_ed25519_key.
[[0;32m  OK  [0m] Started ACPI Events Check.
[[0;32m  OK  [0m] Reached target Paths.
[   40.920151] [[0;32m  OK  [0m] Listening on D-Bus System Message Bus Socket.
[[0;32m  OK  [0m] Started Daily Cleanup of Temporary Directories.
[[0;32m  OK  [0m] Reached target Timers.
         Starting Socket activation for snappy daemon.
cloud-init[949]: Your public key has been saved in /etc/ssh/ssh_host_ed25519_key.pub.
[[0;32m  OK  [0m[   41.304376] cloud-init[949]: The key fingerprint is:
[   41.304466] cloud-init[949]: SHA256:JCZWqwVPV60Vag3nHRA6TDIwk/No6Sb23KKRxiv/Ddw root@ubuntu-xenial
[   41.304589] cloud-init[949]: The key's randomart image is:
[   41.304683] cloud-init[949]: +--[ED25519 256]--+
[   41.304894] cloud-init[949]: |    . *o+.+.=+.  |
[   41.305003] cloud-init[949]: |     =o= = Bo. . |
[   41.305152] cloud-init[949]: |    o *=. *oo .  |
[   41.305247] cloud-init[949]: |   . =+o....     |
[   41.305367] cloud-init[949]: |    .o  S        |
[   41.305558] cloud-init[949]: |   .ooo.         |
[   41.305692] cloud-init[949]: |   .==o.E        |
[   41.305771] cloud-init[949]: |  .. o+o.        |
[   41.305832] cloud-init[949]: |   o+o...        |
[   41.305909] cloud-init[949]: +----[SHA256]-----+
] Listening on LXD - unix socket.
[[0;32m  OK  [0m] Listening on Socket activation for snappy daemon.
[[0;32m  OK  [0m] Started iSCSI initiator daemon (iscsid).
         Starting Login to default iSCSI targets...
[[0;32m  OK  [0m] Reached target Sockets.
[[0;32m  OK  [0m] Reached target Basic System.
         Starting /etc/rc.local Compatibility...
[[0;32m  OK  [0m] Started Regular background program processing daemon.
[[0;32m  OK  [0m] Started Deferred execution scheduler.
         Starting System Logging Service...
[[0;32m  OK  [0m] Started D-Bus System Message Bus.
[[0;32m  OK  [0m] Started Unattended Upgrades Shutdown.
         Starting LSB: MD monitoring daemon...
[[0;32m  OK  [0m] Started ACPI event daemon.
         Starting LSB: Record successful boot for GRUB...
         Starting Snappy daemon...
[[0;32m  OK  [0m] Started FUSE filesystem for LXC.
         Starting Login Service...
         Starting Apply the settings specified in cloud-config...
         Starting Accounts Service...
         Starting Pollinate to seed the pseudo random number generator...
         Starting LXD - container startup/shutdown...
[[0;32m  OK  [0m] Started System Logging Service.
[[0;32m  OK  [0m] Started Snappy daemon.
[[0;32m  OK  [0m] Started /etc/rc.local Compatibility.
[[0;32m  OK  [0m] Started LXD - container startup/shutdown.
[[0;32m  OK  [0m] Started Login to default iSCSI targets.
[   43.378591] cloud-init[1092]: Generating locales (this might take a while)...
[[0;32m  OK  [0m] Started LSB: Record successful boot for GRUB.
[[0;32m  OK  [0m] Started LSB: MD monitoring daemon.
[[0;32m  OK  [0m] Started Login Service.
         Starting Authenticate and Authorize Users to Run Privileged Tasks...
[[0;32m  OK  [0m] Reached target Remote File Systems (Pre).
[[0;32m  OK  [0m] Reached target Remote File Systems.
         Starting LSB: Set the CPU Frequency Scaling governor to "ondemand"...
         Starting LSB: daemon to balance interrupts for SMP systems...
         Starting Permit User Sessions...
         Starting LSB: automatic crash report generation...
         Starting LSB: VirtualBox Linux Additions...
[[0;32m  OK  [0m] Started Pollinate to seed the pseudo random number generator.
[[0;32m  OK  [0m] Started Permit User Sessions.
[[0;32m  OK  [0m] Started Authenticate and Authorize Users to Run Privileged Tasks.
[   44.348897] cloud-init[1092]:   en_US.UTF-8... done
[   44.420510] cloud-init[1092]: Generation complete.
[[0;32m  OK  [0m] Started Accounts Service.
[[0;32m  OK  [0m] Started LSB: Set the CPU Frequency Scaling governor to "ondemand".
[[0;32m  OK  [0m] Started LSB: daemon to balance interrupts for SMP systems.
         Starting Terminate Plymouth Boot Screen...
         Starting Hold until boot process finishes up...
         Starting OpenBSD Secure Shell server...
[[0;32m  OK  [0m] Started OpenBSD Secure Shell server.
[[0;32m  OK  [0m] Started LSB: automatic crash report generation.
[[0;32m  OK  [0m] Started LSB: VirtualBox Linux Additions.
[[0;32m  OK  [0m] Started Terminate Plymouth Boot Screen.
[[0;32m  OK  [0m] Started Hold until boot process finishes up.
         Stopping OpenBSD Secure Shell server...
[[0;32m  OK  [0m] Created slice User Slice of ubuntu.
[[0;32m  OK  [0m] Started Session 1 of user ubuntu.
         Starting User Manager for UID 1000...
[[0;32m  OK  [0m] Started Serial Getty on ttyS0.
         Starting Set console scheme...
[[0;32m  OK  [0m] Started Getty on tty1.
[[0;32m  OK  [0m] Reached target Login Prompts.
[[0;32m  OK  [0m] Started User Manager for UID 1000.
[[0;32m  OK  [0m] Stopped OpenBSD Secure Shell server.
[[0;32m  OK  [0m] Started Set console scheme.
         Starting OpenBSD Secure Shell server...
[[0;32m  OK  [0m] Started OpenBSD Secure Shell server.
[[0;32m  OK  [0m] Reached target Multi-User System.
[[0;32m  OK  [0m] Reached target Graphical Interface.
         Starting Update UTMP about System Runlevel Changes...
[[0;32m  OK  [0m] Started Update UTMP about System Runlevel Changes.
[   46.228397] cloud-init[1092]: Cloud-init v. 17.1 running 'modules:config' at Tue, 19 Dec 2017 11:08:15 +0000. Up 43.21 seconds.
[[0;32m  OK  [0m] Started Apply the settings specified in cloud-config.
         Starting Execute cloud user/final scripts...
ci-info: no authorized ssh keys fingerprints found for user ubuntu.
<14>Dec 19 11:08:19 ec2: 
<14>Dec 19 11:08:19 ec2: #############################################################
<14>Dec 19 11:08:19 ec2: -----BEGIN SSH HOST KEY FINGERPRINTS-----
<14>Dec 19 11:08:19 ec2: 1024 SHA256:4SkOaAUQCNAgKeP1I5YLUuipCaceuqKcYgIyL3fOxgg root@ubuntu-xenial (DSA)
<14>Dec 19 11:08:19 ec2: 256 SHA256:bN+QSfScibTg5Zt6BfXpgoCKcTZCB9jS/mDfff5Y9+o root@ubuntu-xenial (ECDSA)
<14>Dec 19 11:08:19 ec2: 256 SHA256:JCZWqwVPV60Vag3nHRA6TDIwk/No6Sb23KKRxiv/Ddw root@ubuntu-xenial (ED25519)
<14>Dec 19 11:08:19 ec2: 2048 SHA256:T0iCBl/jk+uIVzMBNNdN2hMku6aeHvuN/W6LJ20isEg root@ubuntu-xenial (RSA)
<14>Dec 19 11:08:19 ec2: -----END SSH HOST KEY FINGERPRINTS-----
<14>Dec 19 11:08:19 ec2: #############################################################
-----BEGIN SSH HOST KEY KEYS-----
ecdsa-sha2-nistp256 AAAAE2VjZHNhLXNoYTItbmlzdHAyNTYAAAAIbmlzdHAyNTYAAABBBH1cHSRwqeAn87j8e+d6OxyAxWoF4mDL+tHRGLnyvevthIOMUaR5WqcaXNz9jSABr5tfKp5jiTeN/BCBwR4kxmI= root@ubuntu-xenial
ssh-ed25519 AAAAC3NzaC1lZDI1NTE5AAAAIDcrLQJoX1GAXglwB2xVGS92Zso86SdBqSJJK7d6598q root@ubuntu-xenial
ssh-rsa AAAAB3NzaC1yc2EAAAADAQABAAABAQCuYOG+UW35TGTdGU6DQn9Fip4STDxc+QAVS8j+1SHsVO/4oPObTjzJ49ckMUIMIlSzd8y9SeNSkcJ+VlaLWu2PZ2heUI4INtMeBCvMYPXB0QGtJXiRoaBukBRnsLhSKGzo/Fk7QCUZhDEfLQS6mRs0OwXvbnVgSHM+2hXDXCMU0WzmBVbfjjZqpTYOfEnK+SztrJgkeeGkn8tzUmuH1zOkOPtMvV64zcVVQN7wIxdVqsQ6UmjmVszWTfob0eActiMaCKWlgMU8oWxFYoiQhT8P7aLjSrI1+KVgv9AJEmfdZPB+lf2SrPXYWR+shArdMLB8qQapqMo2CyvcG2ATny+t root@ubuntu-xenial
-----END SSH HOST KEY KEYS-----
         Stopping User Manager for UID 1000...
[   48.016865] [cloud-init[0;32m  OK  [0m[1375]: ] Cloud-init v. 17.1 running 'modules:final' at Tue, 19 Dec 2017 11:08:19 +0000. Up 46.68 seconds.Stopped User Manager for UID 1000.

[   48.168721] cloud-init[1375]: ci-info: no authorized ssh keys fingerprints found for user ubuntu.
[[0;32m  OK  [0m] Removed slice User Slice of ubuntu.
[   48.243319] cloud-init[1375]: Cloud-init v. 17.1 finished at Tue, 19 Dec 2017 11:08:20 +0000. Datasource DataSourceNoCloud [seed=/dev/sdb][dsmode=net].  Up 48.00 seconds
[[0;32m  OK  [0m] Started Execute cloud user/final scripts.
[[0;32m  OK  [0m] Reached target Cloud-init target.

Ubuntu 16.04.3 LTS puppettestagent-u-2 ttyS0

puppettestagent-u-2 login: 